<?xml version="1.0" encoding="UTF-8"?>
<!-- Generated by org.testng.reporters.JUnitXMLReporter -->
<testsuite hostname="L-156101449" ignored="0" name="Test" tests="3" failures="1" timestamp="30 Oct 2019 04:07:56 GMT" time="0.081" errors="0">
  <testcase name="testDashboard" time="0.019" classname="testNG_Test_Cases.TestNG_Simple_Test">
    <failure type="java.lang.AssertionError" message="expected [true] but found [false]">
      <![CDATA[java.lang.AssertionError: expected [true] but found [false]
	at testNG_Test_Cases.TestNG_Simple_Test.testDashboard(TestNG_Simple_Test.java:16)
... Removed 29 stack frames]]>
    </failure>
  </testcase> <!-- testDashboard -->
  <testcase name="testLogin" time="0.004" classname="testNG_Test_Cases.TestNG_Simple_Test"/>
  <testcase name="testProfile" time="0.002" classname="testNG_Test_Cases.TestNG_Simple_Test"/>
</testsuite> <!-- Test -->
